Arguments: 
  C:\Program Files\nodejs\node.exe C:\Users\USUARIO\AppData\Roaming\npm\node_modules\yarn\bin\yarn.js

PATH: 
  C:\Users\USUARIO\bin;C:\Program Files\Git\mingw64\bin;C:\Program Files\Git\usr\local\bin;C:\Program Files\Git\usr\bin;C:\Program Files\Git\usr\bin;C:\Program Files\Git\mingw64\bin;C:\Program Files\Git\usr\bin;C:\Users\USUARIO\bin;C:\Program Files (x86)\Windows Resource Kits\Tools;C:\Python27;C:\Python27\Scripts;C:\Python311\Scripts;C:\Python311;C:\Windows\system32;C:\Windows;C:\Windows\System32\Wbem;C:\Windows\System32\WindowsPowerShell\v1.0;C:\Windows\System32\OpenSSH;C:\Program Files (x86)\NVIDIA Corporation\PhysX\Common;C:\ProgramData\chocolatey\bin;C:\Program Files\NVIDIA Corporation\NVIDIA NvDLISR;C:\Program Files\nodejs;C:\Program Files\Java\jdk1.8.0_211\bin;C:\Program Files\Git\cmd;C:\Users\USUARIO\AppData\Local\Microsoft\WindowsApps;C:\Users\USUARIO\AppData\Local\Programs\Microsoft VS Code\bin;C:\Users\USUARIO\AppData\Roaming\npm;C:\Program Files\MySQL\MySQL Server 8.0\bin;C:\Program Files\JetBrains\IntelliJ IDEA Community Edition 2022.3\bin;C:\Program Files\Git\usr\bin\vendor_perl;C:\Program Files\Git\usr\bin\core_perl

Yarn version: 
  1.22.19

Node version: 
  18.12.1

Platform: 
  win32 x64

Trace: 
  Error: https://registry.yarnpkg.com/react: ESOCKETTIMEDOUT
      at ClientRequest.<anonymous> (C:\Users\USUARIO\AppData\Roaming\npm\node_modules\yarn\lib\cli.js:141517:19)
      at Object.onceWrapper (node:events:627:28)
      at ClientRequest.emit (node:events:513:28)
      at TLSSocket.emitRequestTimeout (node:_http_client:838:9)
      at Object.onceWrapper (node:events:627:28)
      at TLSSocket.emit (node:events:525:35)
      at Socket._onTimeout (node:net:562:8)
      at listOnTimeout (node:internal/timers:564:17)
      at process.processTimers (node:internal/timers:507:7)

npm manifest: 
  {
    "name": "site-institucional",
    "private": true,
    "version": "0.0.0",
    "type": "module",
    "scripts": {
      "dev": "vite",
      "build": "tsc && vite build",
      "lint": "eslint src --ext ts,tsx --report-unused-disable-directives --max-warnings 0",
      "preview": "vite preview"
    },
    "dependencies": {
      "react": "^18.2.0",
      "react-dom": "^18.2.0"
    },
    "devDependencies": {
      "@types/react": "^18.0.28",
      "@types/react-dom": "^18.0.11",
      "@typescript-eslint/eslint-plugin": "^5.57.1",
      "@typescript-eslint/parser": "^5.57.1",
      "@vitejs/plugin-react": "^4.0.0-beta.0",
      "eslint": "^8.38.0",
      "eslint-plugin-react-hooks": "^4.6.0",
      "eslint-plugin-react-refresh": "^0.3.4",
      "typescript": "^5.0.2",
      "vite": "^4.3.0"
    }
  }

yarn manifest: 
  No manifest

Lockfile: 
  No lockfile
